<?xml version="1.0" encoding="UTF-8"?>
<!-- Generated by org.testng.reporters.JUnitReportReporter -->
<testsuite skipped="0" hostname="olgas-Air.fios-router.home" name="com.hotels.tests.SearchFor5starHotelTest" tests="1" failures="0" timestamp="19 Dec 2019 17:58:28 GMT" time="70.744" errors="0">
  <testcase name="fiveStars" time="70.744" classname="com.hotels.tests.SearchFor5starHotelTest"/>
</testsuite> <!-- com.hotels.tests.SearchFor5starHotelTest -->
