<?xml version="1.0" encoding="UTF-8"?>
<!-- Generated by org.testng.reporters.JUnitReportReporter -->
<testsuite skipped="0" hostname="olgas-Air.fios-router.home" name="com.hotels.tests.HotelsHomePageTest" tests="2" failures="0" timestamp="19 Dec 2019 17:58:28 GMT" time="45.312" errors="0">
  <testcase name="getHotelsHomePageTitleTest" time="23.386" classname="com.hotels.tests.HotelsHomePageTest"/>
  <testcase name="homePageActions" time="21.926" classname="com.hotels.tests.HotelsHomePageTest"/>
</testsuite> <!-- com.hotels.tests.HotelsHomePageTest -->
