<?xml version="1.0" encoding="UTF-8"?>
<!-- Generated by org.testng.reporters.JUnitReportReporter -->
<testsuite skipped="0" hostname="olgas-Air.fios-router.home" name="com.hotels.tests.SearchFor3starHotelTest" tests="1" failures="0" timestamp="19 Dec 2019 17:58:28 GMT" time="67.867" errors="0">
  <testcase name="threeStars" time="67.867" classname="com.hotels.tests.SearchFor3starHotelTest"/>
</testsuite> <!-- com.hotels.tests.SearchFor3starHotelTest -->
